<?xml version="1.0" encoding="UTF-8"?>
<!-- Generated by org.testng.reporters.JUnitReportReporter -->
<testsuite hostname="ASC" failures="0" tests="1" name="TestCaseExecution2.RcbEnfield" time="217.729" errors="0" timestamp="2024-10-08T08:35:23 IST" skipped="0">
  <testcase classname="TestCaseExecution2.RcbEnfield" name="enfield" time="217.729"/>
</testsuite> <!-- TestCaseExecution2.RcbEnfield -->
