<?xml version="1.0" encoding="UTF-8"?>
<!-- Generated by org.testng.reporters.JUnitReportReporter -->
<testsuite hostname="ASC" failures="0" tests="1" name="ExtentReport.SampleReport" time="1.330" errors="0" timestamp="2024-10-21T12:40:46 IST" skipped="0">
  <testcase classname="ExtentReport.SampleReport" name="sample" time="1.330"/>
  <system-out/>
</testsuite> <!-- ExtentReport.SampleReport -->
