<?xml version="1.0" encoding="UTF-8"?>
<!-- Generated by org.testng.reporters.JUnitReportReporter -->
<testsuite hostname="ASC" failures="0" tests="1" name="TestNg.MultipleTestscript1" time="0.198" errors="0" timestamp="2024-10-09T09:11:24 IST" skipped="0">
  <testcase classname="TestNg.MultipleTestscript1" name="test3" time="0.198"/>
</testsuite> <!-- TestNg.MultipleTestscript1 -->
