<?xml version="1.0" encoding="UTF-8"?>
<!-- Generated by org.testng.reporters.JUnitReportReporter -->
<testsuite hostname="ASC" failures="0" tests="1" name="ExtentReportBasic.Testing1" time="4.759" errors="0" timestamp="2024-10-22T13:24:07 IST" skipped="0">
  <testcase classname="ExtentReportBasic.Testing1" name="main1" time="4.759"/>
  <system-out>
    <![CDATA[i am the main1]]>
  </system-out>
</testsuite> <!-- ExtentReportBasic.Testing1 -->
