<?xml version="1.0" encoding="UTF-8"?>
<!-- Generated by org.testng.reporters.JUnitReportReporter -->
<testsuite hostname="ASC" failures="0" tests="1" name="TestNg.ChronlogicalOrder" time="0.124" errors="0" timestamp="2024-10-09T08:50:04 IST" skipped="0">
  <testcase classname="TestNg.ChronlogicalOrder" name="test" time="0.124"/>
</testsuite> <!-- TestNg.ChronlogicalOrder -->
