<?xml version="1.0" encoding="UTF-8"?>
<!-- Generated by org.testng.reporters.JUnitReportReporter -->
<testsuite hostname="ASC" failures="0" tests="1" name="ParellelExecution.ReadMultipleDataFromXml" time="44.034" errors="0" timestamp="2024-10-08T16:19:18 IST" skipped="0">
  <testcase classname="ParellelExecution.ReadMultipleDataFromXml" name="login" time="44.034"/>
</testsuite> <!-- ParellelExecution.ReadMultipleDataFromXml -->
