<?xml version="1.0" encoding="UTF-8"?>
<!-- Generated by org.testng.reporters.JUnitReportReporter -->
<testsuite hostname="ASC" failures="0" tests="1" name="TaskAdvance.task" time="0.023" errors="0" timestamp="2024-10-05T13:53:05 IST" skipped="0">
  <testcase classname="TaskAdvance.task" name="Search" time="0.023"/>
</testsuite> <!-- TaskAdvance.task -->
