<?xml version="1.0" encoding="UTF-8"?>
<!-- Generated by org.testng.reporters.JUnitReportReporter -->
<testsuite hostname="ASC" failures="0" tests="1" name="TestNg.LaunchTheBrowser" time="179.280" errors="0" timestamp="2024-10-01T09:21:03 IST" skipped="0">
  <testcase classname="TestNg.LaunchTheBrowser" name="main" time="179.280"/>
</testsuite> <!-- TestNg.LaunchTheBrowser -->
