<?xml version="1.0" encoding="UTF-8"?>
<!-- Generated by org.testng.reporters.JUnitReportReporter -->
<testsuite hostname="ASC" failures="0" tests="1" name="ExtentReportBasic.Testing2" time="4.201" errors="0" timestamp="2024-10-22T13:24:07 IST" skipped="0">
  <testcase classname="ExtentReportBasic.Testing2" name="main2" time="4.201"/>
  <system-out>
    <![CDATA[i am the main2]]>
  </system-out>
</testsuite> <!-- ExtentReportBasic.Testing2 -->
